1628882457831	geckodriver	INFO	Listening on 127.0.0.1:57216
1628882460865	mozrunner::runner	INFO	Running command: "C:\\Program Files\\Mozilla Firefox\\firefox.exe" "--marionette" "-foreground" "-no-remote" "-profile" "C:\\Users\\stuar\\AppData\\Local\\Temp\\rust_mozprofiledXOiG8"
1628882461528	Marionette	INFO	Marionette enabled
console.warn: SearchSettings: "get: No settings file exists, new profile?" (new NotFoundError("Could not open the file at C:\\Users\\stuar\\AppData\\Local\\Temp\\rust_mozprofiledXOiG8\\search.json.mozlz4", (void 0)))
1628882465454	Marionette	INFO	Listening on port 57227
1628882465721	RemoteAgent	WARN	TLS certificate errors will be ignored for this session
1628882474041	Marionette	INFO	Stopped listening on port 57227
JavaScript error: resource:///modules/Interactions.jsm, line 209: NS_ERROR_FAILURE: Component returned failure code: 0x80004005 (NS_ERROR_FAILURE) [nsIUserIdleService.removeIdleObserver]
JavaScript error: chrome://remote/content/marionette/cert.js, line 55: NS_ERROR_NOT_AVAILABLE: Component returned failure code: 0x80040111 (NS_ERROR_NOT_AVAILABLE) [nsICertOverrideService.setDisableAllSecurityChecksAndLetAttackersInterceptMyData]
1628882520381	geckodriver	INFO	Listening on 127.0.0.1:57381
1628882523411	mozrunner::runner	INFO	Running command: "C:\\Program Files\\Mozilla Firefox\\firefox.exe" "--marionette" "-foreground" "-no-remote" "-profile" "C:\\Users\\stuar\\AppData\\Local\\Temp\\rust_mozprofiler20Cub"
1628882524148	Marionette	INFO	Marionette enabled
console.warn: SearchSettings: "get: No settings file exists, new profile?" (new NotFoundError("Could not open the file at C:\\Users\\stuar\\AppData\\Local\\Temp\\rust_mozprofiler20Cub\\search.json.mozlz4", (void 0)))
1628882528395	Marionette	INFO	Listening on port 57391
1628882528762	RemoteAgent	WARN	TLS certificate errors will be ignored for this session
1628882533815	Marionette	INFO	Stopped listening on port 57391
JavaScript error: resource:///modules/Interactions.jsm, line 209: NS_ERROR_FAILURE: Component returned failure code: 0x80004005 (NS_ERROR_FAILURE) [nsIUserIdleService.removeIdleObserver]
JavaScript error: chrome://remote/content/marionette/cert.js, line 55: NS_ERROR_NOT_AVAILABLE: Component returned failure code: 0x80040111 (NS_ERROR_NOT_AVAILABLE) [nsICertOverrideService.setDisableAllSecurityChecksAndLetAttackersInterceptMyData]
1628882825690	geckodriver	INFO	Listening on 127.0.0.1:57816
1628882828732	mozrunner::runner	INFO	Running command: "C:\\Program Files\\Mozilla Firefox\\firefox.exe" "--marionette" "-foreground" "-no-remote" "-profile" "C:\\Users\\stuar\\AppData\\Local\\Temp\\rust_mozprofile0fZwYA"
1628882829471	Marionette	INFO	Marionette enabled
console.warn: SearchSettings: "get: No settings file exists, new profile?" (new NotFoundError("Could not open the file at C:\\Users\\stuar\\AppData\\Local\\Temp\\rust_mozprofile0fZwYA\\search.json.mozlz4", (void 0)))
1628882833903	Marionette	INFO	Listening on port 57826
1628882834091	RemoteAgent	WARN	TLS certificate errors will be ignored for this session
1628882856142	Marionette	INFO	Stopped listening on port 57826
JavaScript error: resource:///modules/Interactions.jsm, line 209: NS_ERROR_FAILURE: Component returned failure code: 0x80004005 (NS_ERROR_FAILURE) [nsIUserIdleService.removeIdleObserver]
JavaScript error: chrome://remote/content/marionette/cert.js, line 55: NS_ERROR_NOT_AVAILABLE: Component returned failure code: 0x80040111 (NS_ERROR_NOT_AVAILABLE) [nsICertOverrideService.setDisableAllSecurityChecksAndLetAttackersInterceptMyData]

###!!! [Parent][RunMessage] Error: Channel closing: too late to send/recv, messages will be lost

1628882981718	geckodriver	INFO	Listening on 127.0.0.1:58103
1628882990685	geckodriver	INFO	Listening on 127.0.0.1:58120
1628882993731	mozrunner::runner	INFO	Running command: "C:\\Program Files\\Mozilla Firefox\\firefox.exe" "--marionette" "-foreground" "-no-remote" "-profile" "C:\\Users\\stuar\\AppData\\Local\\Temp\\rust_mozprofileSZoOqo"
1628882994477	Marionette	INFO	Marionette enabled
console.warn: SearchSettings: "get: No settings file exists, new profile?" (new NotFoundError("Could not open the file at C:\\Users\\stuar\\AppData\\Local\\Temp\\rust_mozprofileSZoOqo\\search.json.mozlz4", (void 0)))
1628882998732	Marionette	INFO	Listening on port 58131
1628882999090	RemoteAgent	WARN	TLS certificate errors will be ignored for this session
1628883068704	Marionette	INFO	Stopped listening on port 58131
JavaScript error: resource:///modules/Interactions.jsm, line 209: NS_ERROR_FAILURE: Component returned failure code: 0x80004005 (NS_ERROR_FAILURE) [nsIUserIdleService.removeIdleObserver]

###!!! [Parent][RunMessage] Error: Channel closing: too late to send/recv, messages will be lost

1628883074508	geckodriver	INFO	Listening on 127.0.0.1:58288
1628883083162	geckodriver	INFO	Listening on 127.0.0.1:58314
1628883086215	mozrunner::runner	INFO	Running command: "C:\\Program Files\\Mozilla Firefox\\firefox.exe" "--marionette" "-foreground" "-no-remote" "-profile" "C:\\Users\\stuar\\AppData\\Local\\Temp\\rust_mozprofile8k2HAf"
1628883086936	Marionette	INFO	Marionette enabled
console.warn: SearchSettings: "get: No settings file exists, new profile?" (new NotFoundError("Could not open the file at C:\\Users\\stuar\\AppData\\Local\\Temp\\rust_mozprofile8k2HAf\\search.json.mozlz4", (void 0)))
1628883091461	Marionette	INFO	Listening on port 58334
1628883091563	RemoteAgent	WARN	TLS certificate errors will be ignored for this session
JavaScript warning: https://static.licdn.com/sc/h/4aqeircft5rqewouudorwpkp7, line 5061: unreachable code after return statement
JavaScript warning: https://static-exp1.licdn.com/sc/h/9l5df6tj5n18ir06l2b0dyvni, line 6537: unreachable code after return statement
JavaScript warning: https://static-exp1.licdn.com/sc/h/42ujdzvj36yvajsgz1dsrmoaa, line 6: unreachable code after return statement
JavaScript warning: https://static-exp1.licdn.com/sc/h/42ujdzvj36yvajsgz1dsrmoaa, line 6: unreachable code after return statement
JavaScript warning: https://static-exp1.licdn.com/sc/h/6p18sxgw7zbhku5vrdokv2gpd, line 6: unreachable code after return statement
JavaScript warning: https://static-exp1.licdn.com/sc/h/2p7yepvu9b9dhk4j1zyf4ee3z, line 6: unreachable code after return statement
JavaScript warning: https://static-exp1.licdn.com/sc/h/8jgj5od7g6qryyye2xke3l02v, line 6: unreachable code after return statement
JavaScript warning: https://static-exp1.licdn.com/sc/h/94rnkk4itytodhqurj0habe5k, line 6: unreachable code after return statement
JavaScript warning: https://static-exp1.licdn.com/sc/h/frxf4te9a75iybpku6gu74p9, line 6: unreachable code after return statement
JavaScript warning: https://static-exp1.licdn.com/sc/h/acttn9d88ey30bqiv5tkypf00, line 6: unreachable code after return statement
console.warn: LoginRecipes: "getRecipes: falling back to a synchronous message for:" "https://www.linkedin.com"
JavaScript warning: https://static-exp1.licdn.com/sc/h/2p7yepvu9b9dhk4j1zyf4ee3z, line 6: unreachable code after return statement
JavaScript warning: https://static-exp1.licdn.com/sc/h/8jgj5od7g6qryyye2xke3l02v, line 6: unreachable code after return statement
JavaScript error: resource://devtools/server/actors/network-monitor/network-event-actor.js, line 109: Error: Got a request https://static-exp1.licdn.com/sc/h/1v7h36xf8qeejroaos68p85dg without a browsingContextID set
1628883429779	Marionette	INFO	Stopped listening on port 58334
JavaScript error: resource:///modules/Interactions.jsm, line 209: NS_ERROR_FAILURE: Component returned failure code: 0x80004005 (NS_ERROR_FAILURE) [nsIUserIdleService.removeIdleObserver]
[Parent 11980, IPC I/O Parent] WARNING: file /builds/worker/checkouts/gecko/ipc/chromium/src/base/process_util_win.cc:167

###!!! [Parent][RunMessage] Error: Channel closing: too late to send/recv, messages will be lost

1628883431528	geckodriver	INFO	Listening on 127.0.0.1:58942
1628883436028	geckodriver	INFO	Listening on 127.0.0.1:58952
1628883439065	mozrunner::runner	INFO	Running command: "C:\\Program Files\\Mozilla Firefox\\firefox.exe" "--marionette" "-foreground" "-no-remote" "-profile" "C:\\Users\\stuar\\AppData\\Local\\Temp\\rust_mozprofile5OhGyX"
1628883439732	Marionette	INFO	Marionette enabled
console.warn: SearchSettings: "get: No settings file exists, new profile?" (new NotFoundError("Could not open the file at C:\\Users\\stuar\\AppData\\Local\\Temp\\rust_mozprofile5OhGyX\\search.json.mozlz4", (void 0)))
1628883443599	Marionette	INFO	Listening on port 58966
1628883443898	RemoteAgent	WARN	TLS certificate errors will be ignored for this session
JavaScript warning: https://static-exp1.licdn.com/sc/h/9l5df6tj5n18ir06l2b0dyvni, line 6537: unreachable code after return statement
JavaScript warning: https://static-exp1.licdn.com/sc/h/42ujdzvj36yvajsgz1dsrmoaa, line 6: unreachable code after return statement
JavaScript warning: https://static-exp1.licdn.com/sc/h/42ujdzvj36yvajsgz1dsrmoaa, line 6: unreachable code after return statement
JavaScript warning: https://static-exp1.licdn.com/sc/h/6p18sxgw7zbhku5vrdokv2gpd, line 6: unreachable code after return statement
JavaScript warning: https://static-exp1.licdn.com/sc/h/2p7yepvu9b9dhk4j1zyf4ee3z, line 6: unreachable code after return statement
JavaScript warning: https://static-exp1.licdn.com/sc/h/8jgj5od7g6qryyye2xke3l02v, line 6: unreachable code after return statement
JavaScript warning: https://static-exp1.licdn.com/sc/h/94rnkk4itytodhqurj0habe5k, line 6: unreachable code after return statement
JavaScript warning: https://static-exp1.licdn.com/sc/h/frxf4te9a75iybpku6gu74p9, line 6: unreachable code after return statement
1628883516991	Marionette	INFO	Stopped listening on port 58966
JavaScript error: resource:///modules/Interactions.jsm, line 209: NS_ERROR_FAILURE: Component returned failure code: 0x80004005 (NS_ERROR_FAILURE) [nsIUserIdleService.removeIdleObserver]

###!!! [Parent][RunMessage] Error: Channel closing: too late to send/recv, messages will be lost

1628883529684	geckodriver	INFO	Listening on 127.0.0.1:49692
1628883532774	mozrunner::runner	INFO	Running command: "C:\\Program Files\\Mozilla Firefox\\firefox.exe" "--marionette" "-foreground" "-no-remote" "-profile" "C:\\Users\\stuar\\AppData\\Local\\Temp\\rust_mozprofilelsEpv8"
1628883533505	Marionette	INFO	Marionette enabled
console.warn: SearchSettings: "get: No settings file exists, new profile?" (new NotFoundError("Could not open the file at C:\\Users\\stuar\\AppData\\Local\\Temp\\rust_mozprofilelsEpv8\\search.json.mozlz4", (void 0)))
1628883537448	Marionette	INFO	Listening on port 49706
1628883537613	RemoteAgent	WARN	TLS certificate errors will be ignored for this session
JavaScript warning: https://static-exp1.licdn.com/sc/h/9l5df6tj5n18ir06l2b0dyvni, line 6537: unreachable code after return statement
JavaScript warning: https://static-exp1.licdn.com/sc/h/42ujdzvj36yvajsgz1dsrmoaa, line 6: unreachable code after return statement
JavaScript warning: https://static-exp1.licdn.com/sc/h/42ujdzvj36yvajsgz1dsrmoaa, line 6: unreachable code after return statement
JavaScript warning: https://static-exp1.licdn.com/sc/h/6p18sxgw7zbhku5vrdokv2gpd, line 6: unreachable code after return statement
JavaScript warning: https://static-exp1.licdn.com/sc/h/2p7yepvu9b9dhk4j1zyf4ee3z, line 6: unreachable code after return statement
JavaScript warning: https://static-exp1.licdn.com/sc/h/8jgj5od7g6qryyye2xke3l02v, line 6: unreachable code after return statement
JavaScript warning: https://static-exp1.licdn.com/sc/h/94rnkk4itytodhqurj0habe5k, line 6: unreachable code after return statement
JavaScript warning: https://static-exp1.licdn.com/sc/h/frxf4te9a75iybpku6gu74p9, line 6: unreachable code after return statement
1628883811153	Marionette	INFO	Stopped listening on port 49706
JavaScript error: resource:///modules/Interactions.jsm, line 209: NS_ERROR_FAILURE: Component returned failure code: 0x80004005 (NS_ERROR_FAILURE) [nsIUserIdleService.removeIdleObserver]

###!!! [Parent][RunMessage] Error: Channel closing: too late to send/recv, messages will be lost

ttings: "get: No settings file exists, new profile?" (new NotFoundError("Could not open the file at C:\\Users\\stuar\\AppData\\Local\\Temp\\rust_mozprofileo4a4Sa\\search.json.mozlz4", (void 0)))
1628883655743	Marionette	INFO	Listening on port 50081
1628883655907	RemoteAgent	WARN	TLS certificate errors will be ignored for this session
JavaScript warning: https://static-exp1.licdn.com/sc/h/9l5df6tj5n18ir06l2b0dyvni, line 6537: unreachable code after return statement
JavaScript warning: https://static-exp1.licdn.com/sc/h/42ujdzvj36yvajsgz1dsrmoaa, line 6: unreachable code after return statement
JavaScript warning: https://static-exp1.licdn.com/sc/h/42ujdzvj36yvajsgz1dsrmoaa, line 6: unreachable code after return statement
JavaScript warning: https://static-exp1.licdn.com/sc/h/6p18sxgw7zbhku5vrdokv2gpd, line 6: unreachable code after return statement
JavaScript warning: https://static-exp1.licdn.com/sc/h/2p7yepvu9b9dhk4j1zyf4ee3z, line 6: unreachable code after return statement
JavaScript warning: https://static-exp1.licdn.com/sc/h/8jgj5od7g6qryyye2xke3l02v, line 6: unreachable code after return statement
JavaScript warning: https://static-exp1.licdn.com/sc/h/94rnkk4itytodhqurj0habe5k, line 6: unreachable code after return statement
JavaScript warning: https://static-exp1.licdn.com/sc/h/frxf4te9a75iybpku6gu74p9, line 6: unreachable code after return statement
JavaScript warning: https://static-exp1.licdn.com/sc/h/9l5df6tj5n18ir06l2b0dyvni, line 6537: unreachable code after return statement
JavaScript warning: https://static-exp1.licdn.com/sc/h/6p18sxgw7zbhku5vrdokv2gpd, line 6: unreachable code after return statement
JavaScript warning: https://static-exp1.licdn.com/sc/h/42ujdzvj36yvajsgz1dsrmoaa, line 6: unreachable code after return statement
JavaScript warning: https://static-exp1.licdn.com/sc/h/42ujdzvj36yvajsgz1dsrmoaa, line 6: unreachable code after return statement
JavaScript warning: https://static-exp1.licdn.com/sc/h/acttn9d88ey30bqiv5tkypf00, line 6: unreachable code after return statement
JavaScript warning: https://static-exp1.licdn.com/sc/h/2p7yepvu9b9dhk4j1zyf4ee3z, line 6: unreachable code after return statement
JavaScript warning: https://static-exp1.licdn.com/sc/h/8jgj5od7g6qryyye2xke3l02v, line 6: unreachable code after return statement
1628883809454	Marionette	INFO	Stopped listening on port 50081
JavaScript error: resource:///modules/Interactions.jsm, line 209: NS_ERROR_FAILURE: Component returned failure code: 0x80004005 (NS_ERROR_FAILURE) [nsIUserIdleService.removeIdleObserver]

###!!! [Parent][RunMessage] Error: Channel closing: too late to send/recv, messages will be lost

1628883820563	geckodriver	INFO	Listening on 127.0.0.1:50341
1628883823600	mozrunner::runner	INFO	Running command: "C:\\Program Files\\Mozilla Firefox\\firefox.exe" "--marionette" "-foreground" "-no-remote" "-profile" "C:\\Users\\stuar\\AppData\\Local\\Temp\\rust_mozprofile8WizvC"
1628883824328	Marionette	INFO	Marionette enabled
console.warn: SearchSettings: "get: No settings file exists, new profile?" (new NotFoundError("Could not open the file at C:\\Users\\stuar\\AppData\\Local\\Temp\\rust_mozprofile8WizvC\\search.json.mozlz4", (void 0)))
1628883828596	Marionette	INFO	Listening on port 50353
1628883828948	RemoteAgent	WARN	TLS certificate errors will be ignored for this session
JavaScript warning: https://static-exp1.licdn.com/sc/h/9l5df6tj5n18ir06l2b0dyvni, line 6537: unreachable code after return statement
JavaScript warning: https://static-exp1.licdn.com/sc/h/42ujdzvj36yvajsgz1dsrmoaa, line 6: unreachable code after return statement
JavaScript warning: https://static-exp1.licdn.com/sc/h/42ujdzvj36yvajsgz1dsrmoaa, line 6: unreachable code after return statement
JavaScript warning: https://static-exp1.licdn.com/sc/h/6p18sxgw7zbhku5vrdokv2gpd, line 6: unreachable code after return statement
JavaScript warning: https://static-exp1.licdn.com/sc/h/2p7yepvu9b9dhk4j1zyf4ee3z, line 6: unreachable code after return statement
JavaScript warning: https://static-exp1.licdn.com/sc/h/8jgj5od7g6qryyye2xke3l02v, line 6: unreachable code after return statement
JavaScript warning: https://static-exp1.licdn.com/sc/h/94rnkk4itytodhqurj0habe5k, line 6: unreachable code after return statement
JavaScript warning: https://static-exp1.licdn.com/sc/h/frxf4te9a75iybpku6gu74p9, line 6: unreachable code after return statement
JavaScript warning: https://static-exp1.licdn.com/sc/h/9l5df6tj5n18ir06l2b0dyvni, line 6537: unreachable code after return statement
JavaScript warning: https://static-exp1.licdn.com/sc/h/6p18sxgw7zbhku5vrdokv2gpd, line 6: unreachable code after return statement
JavaScript warning: https://static-exp1.licdn.com/sc/h/42ujdzvj36yvajsgz1dsrmoaa, line 6: unreachable code after return statement
JavaScript warning: https://static-exp1.licdn.com/sc/h/42ujdzvj36yvajsgz1dsrmoaa, line 6: unreachable code after return statement
JavaScript warning: https://static-exp1.licdn.com/sc/h/acttn9d88ey30bqiv5tkypf00, line 6: unreachable code after return statement
JavaScript warning: https://static-exp1.licdn.com/sc/h/2p7yepvu9b9dhk4j1zyf4ee3z, line 6: unreachable code after return statement
JavaScript warning: https://static-exp1.licdn.com/sc/h/8jgj5od7g6qryyye2xke3l02v, line 6: unreachable code after return statement
console.warn: LoginRecipes: "getRecipes: falling back to a synchronous message for:" "https://www.linkedin.com"
JavaScript warning: https://static-exp1.licdn.com/sc/h/2p7yepvu9b9dhk4j1zyf4ee3z, line 6: unreachable code after return statement
JavaScript error: resource://devtools/server/actors/network-monitor/network-event-actor.js, line 109: Error: Got a request https://static-exp1.licdn.com/sc/h/1v7h36xf8qeejroaos68p85dg without a browsingContextID set
1628883906671	Marionette	INFO	Stopped listening on port 50353
JavaScript error: resource:///modules/Interactions.jsm, line 209: NS_ERROR_FAILURE: Component returned failure code: 0x80004005 (NS_ERROR_FAILURE) [nsIUserIdleService.removeIdleObserver]
[Parent 11268, IPC I/O Parent] WARNING: file /builds/worker/checkouts/gecko/ipc/chromium/src/base/process_util_win.cc:167
1628883913349	geckodriver	INFO	Listening on 127.0.0.1:50615
1628883916393	mozrunner::runner	INFO	Running command: "C:\\Program Files\\Mozilla Firefox\\firefox.exe" "--marionette" "-foreground" "-no-remote" "-profile" "C:\\Users\\stuar\\AppData\\Local\\Temp\\rust_mozprofilenfpinH"
1628883917026	Marionette	INFO	Marionette enabled
console.warn: SearchSettings: "get: No settings file exists, new profile?" (new NotFoundError("Could not open the file at C:\\Users\\stuar\\AppData\\Local\\Temp\\rust_mozprofilenfpinH\\search.json.mozlz4", (void 0)))
1628883920953	Marionette	INFO	Listening on port 50628
1628883921205	RemoteAgent	WARN	TLS certificate errors will be ignored for this session
JavaScript warning: https://static-exp1.licdn.com/sc/h/9l5df6tj5n18ir06l2b0dyvni, line 6537: unreachable code after return statement
JavaScript warning: https://static-exp1.licdn.com/sc/h/42ujdzvj36yvajsgz1dsrmoaa, line 6: unreachable code after return statement
JavaScript warning: https://static-exp1.licdn.com/sc/h/42ujdzvj36yvajsgz1dsrmoaa, line 6: unreachable code after return statement
JavaScript warning: https://static-exp1.licdn.com/sc/h/6p18sxgw7zbhku5vrdokv2gpd, line 6: unreachable code after return statement
JavaScript warning: https://static-exp1.licdn.com/sc/h/2p7yepvu9b9dhk4j1zyf4ee3z, line 6: unreachable code after return statement
JavaScript warning: https://static-exp1.licdn.com/sc/h/8jgj5od7g6qryyye2xke3l02v, line 6: unreachable code after return statement
JavaScript warning: https://static-exp1.licdn.com/sc/h/94rnkk4itytodhqurj0habe5k, line 6: unreachable code after return statement
JavaScript warning: https://static-exp1.licdn.com/sc/h/frxf4te9a75iybpku6gu74p9, line 6: unreachable code after return statement
JavaScript warning: https://static-exp1.licdn.com/sc/h/9l5df6tj5n18ir06l2b0dyvni, line 6537: unreachable code after return statement
JavaScript warning: https://static-exp1.licdn.com/sc/h/6p18sxgw7zbhku5vrdokv2gpd, line 6: unreachable code after return statement
JavaScript warning: https://static-exp1.licdn.com/sc/h/42ujdzvj36yvajsgz1dsrmoaa, line 6: unreachable code after return statement
JavaScript warning: https://static-exp1.licdn.com/sc/h/42ujdzvj36yvajsgz1dsrmoaa, line 6: unreachable code after return statement
JavaScript warning: https://static-exp1.licdn.com/sc/h/acttn9d88ey30bqiv5tkypf00, line 6: unreachable code after return statement
JavaScript warning: https://static-exp1.licdn.com/sc/h/2p7yepvu9b9dhk4j1zyf4ee3z, line 6: unreachable code after return statement
JavaScript warning: https://static-exp1.licdn.com/sc/h/8jgj5od7g6qryyye2xke3l02v, line 6: unreachable code after return statement
console.error: services.settings: 
  main/doh-providers Signature failed  InvalidSignatureError: Invalid content signature (main/doh-providers)
console.error: services.settings: 
  main/doh-providers local data was corrupted
console.warn: services.settings: main/doh-providers Signature verified failed. Retry from scratch
console.error: services.settings: 
  main/doh-config Signature failed  InvalidSignatureError: Invalid content signature (main/doh-config)
console.error: services.settings: 
  main/doh-config local data was corrupted
console.warn: services.settings: main/doh-config Signature verified failed. Retry from scratch
console.log: WebExtensions: reset-default-search: starting.
console.log: WebExtensions: reset-default-search: No addons in our list are installed.
1628885182619	Marionette	INFO	Stopped listening on port 50628
JavaScript error: resource:///modules/Interactions.jsm, line 209: NS_ERROR_FAILURE: Component returned failure code: 0x80004005 (NS_ERROR_FAILURE) [nsIUserIdleService.removeIdleObserver]
[Parent 18436, IPC I/O Parent] WARNING: file /builds/worker/checkouts/gecko/ipc/chromium/src/base/process_util_win.cc:167

###!!! [Parent][RunMessage] Error: Channel closing: too late to send/recv, messages will be lost

1628885220715	geckodriver	INFO	Listening on 127.0.0.1:53630
1628885223752	mozrunner::runner	INFO	Running command: "C:\\Program Files\\Mozilla Firefox\\firefox.exe" "--marionette" "-foreground" "-no-remote" "-profile" "C:\\Users\\stuar\\AppData\\Local\\Temp\\rust_mozprofileQaF1jq"
1628885224425	Marionette	INFO	Marionette enabled
console.warn: SearchSettings: "get: No settings file exists, new profile?" (new NotFoundError("Could not open the file at C:\\Users\\stuar\\AppData\\Local\\Temp\\rust_mozprofileQaF1jq\\search.json.mozlz4", (void 0)))
1628885228165	Marionette	INFO	Listening on port 53640
1628885228576	RemoteAgent	WARN	TLS certificate errors will be ignored for this session
JavaScript warning: https://static-exp1.licdn.com/sc/h/9l5df6tj5n18ir06l2b0dyvni, line 6537: unreachable code after return statement
JavaScript warning: https://static-exp1.licdn.com/sc/h/42ujdzvj36yvajsgz1dsrmoaa, line 6: unreachable code after return statement
JavaScript warning: https://static-exp1.licdn.com/sc/h/42ujdzvj36yvajsgz1dsrmoaa, line 6: unreachable code after return statement
JavaScript warning: https://static-exp1.licdn.com/sc/h/6p18sxgw7zbhku5vrdokv2gpd, line 6: unreachable code after return statement
JavaScript warning: https://static-exp1.licdn.com/sc/h/2p7yepvu9b9dhk4j1zyf4ee3z, line 6: unreachable code after return statement
JavaScript warning: https://static-exp1.licdn.com/sc/h/8jgj5od7g6qryyye2xke3l02v, line 6: unreachable code after return statement
JavaScript warning: https://static-exp1.licdn.com/sc/h/94rnkk4itytodhqurj0habe5k, line 6: unreachable code after return statement
JavaScript warning: https://static-exp1.licdn.com/sc/h/frxf4te9a75iybpku6gu74p9, line 6: unreachable code after return statement
JavaScript warning: https://static-exp1.licdn.com/sc/h/9l5df6tj5n18ir06l2b0dyvni, line 6537: unreachable code after return statement
JavaScript warning: https://static-exp1.licdn.com/sc/h/6p18sxgw7zbhku5vrdokv2gpd, line 6: unreachable code after return statement
JavaScript warning: https://static-exp1.licdn.com/sc/h/42ujdzvj36yvajsgz1dsrmoaa, line 6: unreachable code after return statement
JavaScript warning: https://static-exp1.licdn.com/sc/h/42ujdzvj36yvajsgz1dsrmoaa, line 6: unreachable code after return statement
JavaScript warning: https://static-exp1.licdn.com/sc/h/acttn9d88ey30bqiv5tkypf00, line 6: unreachable code after return statement
JavaScript warning: https://static-exp1.licdn.com/sc/h/2p7yepvu9b9dhk4j1zyf4ee3z, line 6: unreachable code after return statement
JavaScript warning: https://static-exp1.licdn.com/sc/h/8jgj5od7g6qryyye2xke3l02v, line 6: unreachable code after return statement
1628885354622	Marionette	INFO	Stopped listening on port 53640
JavaScript error: resource:///modules/Interactions.jsm, line 209: NS_ERROR_FAILURE: Component returned failure code: 0x80004005 (NS_ERROR_FAILURE) [nsIUserIdleService.removeIdleObserver]

###!!! [Parent][RunMessage] Error: Channel closing: too late to send/recv, messages will be lost

